Arguments: 
  /usr/bin/node12 /usr/local/bin/yarn git --

PATH: 
  /home/johnmogi/bin:/usr/local/bin:/usr/bin:/bin:/snap/bin

Yarn version: 
  1.22.10

Node version: 
  12.18.2

Platform: 
  linux x64

Trace: 
  SyntaxError: /home/johnmogi/Desktop/Dungeon/package.json: Unexpected token { in JSON at position 5
      at JSON.parse (<anonymous>)
      at /usr/local/lib/node_modules/yarn/lib/cli.js:1625:59
      at Generator.next (<anonymous>)
      at step (/usr/local/lib/node_modules/yarn/lib/cli.js:310:30)
      at /usr/local/lib/node_modules/yarn/lib/cli.js:321:13

npm manifest: 
  { 
    { 
  "name": "Dungeon",
  "version": "1.0.0",
  "main": "index.js",
  "repository": "https://github.com/johnmogi/Dungeon.git",
  "author": "johnmogi <anguru@gmail.com>",
  "license": "MIT"
  },
    "scripts": {
      "git": "git add . && git commit -m",
      "postgit": "git push --all"
    }
  }

yarn manifest: 
  No manifest

Lockfile: 
  No lockfile
