Arguments: 
  C:\Program Files\nodejs\node.exe C:\Users\anist\AppData\Roaming\npm\node_modules\yarn\bin\yarn.js git update_but_parcel_is_down

PATH: 
  C:\Program Files\Git\mingw64\bin;C:\Program Files\Git\usr\bin;C:\Users\anist\bin;C:\Windows\system32;C:\Windows;C:\Windows\System32\Wbem;C:\Windows\System32\WindowsPowerShell\v1.0;C:\Windows\System32\OpenSSH;C:\Program Files\NVIDIA Corporation\NVIDIA NvDLISR;C:\Users\anist\AppData\Local\Programs\Python\Python310\Scripts;C:\Program Files\Git\cmd;C:\Program Files\nodejs;C:\Program Files\Docker\Docker\resources\bin;C:\ProgramData\DockerDesktop\version-bin;C:\HashiCorp\Vagrant\bin;C:\Users\anist\AppData\Local\Programs\Python\Python310;C:\Program Files\dotnet;C:\Users\anist\AppData\Local\Programs\Python\Python310\Scripts;C:\Users\anist\AppData\Local\Programs\Python\Python310;C:\Users\anist\AppData\Local\Microsoft\WindowsApps;C:\Users\anist\AppData\Local\Programs\Microsoft VS Code\bin;C:\Users\anist\AppData\Roaming\npm;C:\Users\anist\AppData\Local\Programs\mongosh;C:\xampp\mysql\bin;C:\Users\anist\AppData\Local\Programs\Python\Python310\Scripts;C:\Users\anist\.dotnet\tools

Yarn version: 
  1.22.11

Node version: 
  14.17.6

Platform: 
  win32 x64

Trace: 
  SyntaxError: C:\Users\anist\OneDrive\Desktop\port\johnmogi.github.io\package.json: Unexpected token / in JSON at position 624
      at JSON.parse (<anonymous>)
      at C:\Users\anist\AppData\Roaming\npm\node_modules\yarn\lib\cli.js:1625:59
      at Generator.next (<anonymous>)
      at step (C:\Users\anist\AppData\Roaming\npm\node_modules\yarn\lib\cli.js:310:30)
      at C:\Users\anist\AppData\Roaming\npm\node_modules\yarn\lib\cli.js:321:13

npm manifest: 
  {
    "name": "johnmogi",
    "version": "1.0.0",
    "main": "index.js",
    "repository": "https://github.com/johnmogi/johnmogi.github.io.git",
    "author": "johnmogi <anguru@gmail.com>",
    "license": "MIT",
    "devDependencies": {
      "cssnano": "^5.0.17",
      "parcel-bundler": "^1.12.5"
    },
    "scripts": {
      "dev": "parcel ./src/index.html",
      "prebuild": "npx rimraf build",
      "build": "parcel build --public-url ./ ./src/index.html ",
      "git": "git add . && git commit -m",
      "postgit": "git push --all"
    },
    "dependencies": {
      "bootstrap": "^4.6.1",
      "jquery": "^3.6.0",
      "popper.js": "^1.16.1"
    }
  }
  
    // "build": "parcel build --public-url ./ ./src/index.html --experimental-scope-hoisting --out-dir ./ ",

yarn manifest: 
  No manifest

Lockfile: 
  No lockfile
